
  [31mâ€¤[0m

[92m [0m[32m 0 passing[0m[90m (17ms)[0m

