
  [90mâ€¤[0m

[92m [0m[32m 1 passing[0m[90m (22ms)[0m

